<?xml version="1.0" encoding="UTF-8"?>
<testsuite name="writemodel.AdvogadoTest" tests="3" skipped="0" failures="0" errors="0" timestamp="2022-03-14T12:54:39" hostname="FUS-9QQN1J3" time="1.418">
  <properties/>
  <testcase name="create" classname="writemodel.AdvogadoTest" time="1.195"/>
  <testcase name="delete" classname="writemodel.AdvogadoTest" time="0.107"/>
  <testcase name="update" classname="writemodel.AdvogadoTest" time="0.114"/>
  <system-out><![CDATA[09:54:39.433 [Test worker] DEBUG Exposed - DROP TABLE IF EXISTS prazodb
09:54:39.439 [Test worker] DEBUG Exposed - DROP TABLE IF EXISTS advogadosprocessosdb
09:54:39.441 [Test worker] DEBUG Exposed - DROP TABLE IF EXISTS advogadosdb
09:54:39.557 [Test worker] INFO ktor.test - Autoreload is disabled because the development mode is off.
09:54:39.583 [Test worker] INFO ktor.test - Application started in 0.074 seconds.
09:54:39.618 [Test worker] DEBUG Exposed - CREATE TABLE IF NOT EXISTS prazodb (id uuid PRIMARY KEY, "quantidadeEmDias" INT NOT NULL, "dueDate" VARCHAR(255) NOT NULL, "processoId" uuid NOT NULL, "createdAt" VARCHAR(255) NOT NULL, CONSTRAINT fk_prazodb_processoid_id FOREIGN KEY ("processoId") REFERENCES processosdb(id) ON DELETE CASCADE ON UPDATE RESTRICT)
09:54:39.623 [Test worker] DEBUG Exposed - ALTER TABLE prazodb ADD CONSTRAINT prazodb_id_unique UNIQUE (id)
09:54:39.632 [Test worker] DEBUG Exposed - CREATE TABLE IF NOT EXISTS advogadosdb (id uuid PRIMARY KEY, nome VARCHAR(255) NOT NULL, oab INT NOT NULL, "createdAt" VARCHAR(255) NOT NULL)
09:54:39.636 [Test worker] DEBUG Exposed - ALTER TABLE advogadosdb ADD CONSTRAINT advogadosdb_id_unique UNIQUE (id)
09:54:39.638 [Test worker] DEBUG Exposed - CREATE TABLE IF NOT EXISTS advogadosprocessosdb ("processoId" uuid NOT NULL, "advogadosId" uuid NOT NULL, CONSTRAINT fk_advogadosprocessosdb_processoid_id FOREIGN KEY ("processoId") REFERENCES processosdb(id) ON DELETE CASCADE ON UPDATE RESTRICT, CONSTRAINT fk_advogadosprocessosdb_advogadosid_id FOREIGN KEY ("advogadosId") REFERENCES advogadosdb(id) ON DELETE CASCADE ON UPDATE RESTRICT)
09:54:40.297 [DefaultDispatcher-worker-1 @request#1] DEBUG Exposed - INSERT INTO advogadosdb ("createdAt", id, nome, oab) VALUES ('2022-03-14T09:54:39.791-03:00', '11432d75-02e8-4a42-87d1-5dc0f2c1409e', 'Adv 1', 12)
09:54:40.339 [Test worker] DEBUG Exposed - DROP TABLE IF EXISTS prazodb
09:54:40.340 [Test worker] DEBUG Exposed - DROP TABLE IF EXISTS advogadosprocessosdb
09:54:40.341 [Test worker] DEBUG Exposed - DROP TABLE IF EXISTS advogadosdb
09:54:40.346 [Test worker] INFO ktor.test - Autoreload is disabled because the development mode is off.
09:54:40.346 [Test worker] INFO ktor.test - Application started in 0.001 seconds.
09:54:40.369 [Test worker] DEBUG Exposed - CREATE TABLE IF NOT EXISTS prazodb (id uuid PRIMARY KEY, "quantidadeEmDias" INT NOT NULL, "dueDate" VARCHAR(255) NOT NULL, "processoId" uuid NOT NULL, "createdAt" VARCHAR(255) NOT NULL, CONSTRAINT fk_prazodb_processoid_id FOREIGN KEY ("processoId") REFERENCES processosdb(id) ON DELETE CASCADE ON UPDATE RESTRICT)
09:54:40.374 [Test worker] DEBUG Exposed - ALTER TABLE prazodb ADD CONSTRAINT prazodb_id_unique UNIQUE (id)
09:54:40.382 [Test worker] DEBUG Exposed - CREATE TABLE IF NOT EXISTS advogadosdb (id uuid PRIMARY KEY, nome VARCHAR(255) NOT NULL, oab INT NOT NULL, "createdAt" VARCHAR(255) NOT NULL)
09:54:40.386 [Test worker] DEBUG Exposed - ALTER TABLE advogadosdb ADD CONSTRAINT advogadosdb_id_unique UNIQUE (id)
09:54:40.388 [Test worker] DEBUG Exposed - CREATE TABLE IF NOT EXISTS advogadosprocessosdb ("processoId" uuid NOT NULL, "advogadosId" uuid NOT NULL, CONSTRAINT fk_advogadosprocessosdb_processoid_id FOREIGN KEY ("processoId") REFERENCES processosdb(id) ON DELETE CASCADE ON UPDATE RESTRICT, CONSTRAINT fk_advogadosprocessosdb_advogadosid_id FOREIGN KEY ("advogadosId") REFERENCES advogadosdb(id) ON DELETE CASCADE ON UPDATE RESTRICT)
09:54:40.406 [DefaultDispatcher-worker-1 @request#3] DEBUG Exposed - INSERT INTO advogadosdb ("createdAt", id, nome, oab) VALUES ('2022-03-14T09:54:40.391-03:00', 'ff66f645-6153-4671-90fa-4f2c2b696b6d', 'Adv 1', 12)
09:54:40.428 [DefaultDispatcher-worker-1 @request#5] DEBUG Exposed - DELETE FROM advogadosdb WHERE advogadosdb.id = 'ff66f645-6153-4671-90fa-4f2c2b696b6d'
09:54:40.447 [Test worker] DEBUG Exposed - DROP TABLE IF EXISTS prazodb
09:54:40.448 [Test worker] DEBUG Exposed - DROP TABLE IF EXISTS advogadosprocessosdb
09:54:40.450 [Test worker] DEBUG Exposed - DROP TABLE IF EXISTS advogadosdb
09:54:40.455 [Test worker] INFO ktor.test - Autoreload is disabled because the development mode is off.
09:54:40.455 [Test worker] INFO ktor.test - Application started in 0.0 seconds.
09:54:40.482 [Test worker] DEBUG Exposed - CREATE TABLE IF NOT EXISTS prazodb (id uuid PRIMARY KEY, "quantidadeEmDias" INT NOT NULL, "dueDate" VARCHAR(255) NOT NULL, "processoId" uuid NOT NULL, "createdAt" VARCHAR(255) NOT NULL, CONSTRAINT fk_prazodb_processoid_id FOREIGN KEY ("processoId") REFERENCES processosdb(id) ON DELETE CASCADE ON UPDATE RESTRICT)
09:54:40.487 [Test worker] DEBUG Exposed - ALTER TABLE prazodb ADD CONSTRAINT prazodb_id_unique UNIQUE (id)
09:54:40.495 [Test worker] DEBUG Exposed - CREATE TABLE IF NOT EXISTS advogadosdb (id uuid PRIMARY KEY, nome VARCHAR(255) NOT NULL, oab INT NOT NULL, "createdAt" VARCHAR(255) NOT NULL)
09:54:40.500 [Test worker] DEBUG Exposed - ALTER TABLE advogadosdb ADD CONSTRAINT advogadosdb_id_unique UNIQUE (id)
09:54:40.501 [Test worker] DEBUG Exposed - CREATE TABLE IF NOT EXISTS advogadosprocessosdb ("processoId" uuid NOT NULL, "advogadosId" uuid NOT NULL, CONSTRAINT fk_advogadosprocessosdb_processoid_id FOREIGN KEY ("processoId") REFERENCES processosdb(id) ON DELETE CASCADE ON UPDATE RESTRICT, CONSTRAINT fk_advogadosprocessosdb_advogadosid_id FOREIGN KEY ("advogadosId") REFERENCES advogadosdb(id) ON DELETE CASCADE ON UPDATE RESTRICT)
09:54:40.520 [DefaultDispatcher-worker-1 @request#7] DEBUG Exposed - INSERT INTO advogadosdb ("createdAt", id, nome, oab) VALUES ('2022-03-14T09:54:40.504-03:00', '86384377-e74d-48a1-ab0e-b4bbde97f48b', 'Adv 1', 12)
09:54:40.543 [DefaultDispatcher-worker-1 @request#9] DEBUG Exposed - UPDATE advogadosdb SET nome='Adv 1', oab=12, "createdAt"='2022-03-14T09:54:40.524-03:00' WHERE advogadosdb.id = '86384377-e74d-48a1-ab0e-b4bbde97f48b'
]]></system-out>
  <system-err><![CDATA[]]></system-err>
</testsuite>
