<?xml version="1.0" encoding="UTF-8"?>
<testsuite name="writemodel.AdvogadoTest" tests="3" skipped="0" failures="0" errors="0" timestamp="2022-03-14T12:41:21" hostname="FUS-9QQN1J3" time="1.656">
  <properties/>
  <testcase name="create" classname="writemodel.AdvogadoTest" time="1.394"/>
  <testcase name="delete" classname="writemodel.AdvogadoTest" time="0.138"/>
  <testcase name="update" classname="writemodel.AdvogadoTest" time="0.123"/>
  <system-out><![CDATA[09:41:22.090 [Test worker] DEBUG Exposed - DROP TABLE IF EXISTS prazodb
09:41:22.096 [Test worker] DEBUG Exposed - DROP TABLE IF EXISTS advogadosprocessosdb
09:41:22.099 [Test worker] DEBUG Exposed - DROP TABLE IF EXISTS advogadosdb
09:41:22.215 [Test worker] INFO ktor.test - Autoreload is disabled because the development mode is off.
09:41:22.230 [Test worker] INFO ktor.test - Application started in 0.052 seconds.
09:41:22.373 [Test worker] DEBUG Exposed - CREATE TABLE IF NOT EXISTS prazodb (id uuid PRIMARY KEY, "quantidadeEmDias" INT NOT NULL, "dueDate" VARCHAR(255) NOT NULL, "processoId" uuid NOT NULL, "createdAt" VARCHAR(255) NOT NULL, CONSTRAINT fk_prazodb_processoid_id FOREIGN KEY ("processoId") REFERENCES processosdb(id) ON DELETE CASCADE ON UPDATE RESTRICT)
09:41:22.384 [Test worker] DEBUG Exposed - ALTER TABLE prazodb ADD CONSTRAINT prazodb_id_unique UNIQUE (id)
09:41:22.397 [Test worker] DEBUG Exposed - CREATE TABLE IF NOT EXISTS advogadosdb (id uuid PRIMARY KEY, nome VARCHAR(255) NOT NULL, oab INT NOT NULL, "createdAt" VARCHAR(255) NOT NULL)
09:41:22.405 [Test worker] DEBUG Exposed - ALTER TABLE advogadosdb ADD CONSTRAINT advogadosdb_id_unique UNIQUE (id)
09:41:22.407 [Test worker] DEBUG Exposed - CREATE TABLE IF NOT EXISTS advogadosprocessosdb ("processoId" uuid NOT NULL, "advogadosId" uuid NOT NULL, CONSTRAINT fk_advogadosprocessosdb_processoid_id FOREIGN KEY ("processoId") REFERENCES processosdb(id) ON DELETE CASCADE ON UPDATE RESTRICT, CONSTRAINT fk_advogadosprocessosdb_advogadosid_id FOREIGN KEY ("advogadosId") REFERENCES advogadosdb(id) ON DELETE CASCADE ON UPDATE RESTRICT)
09:41:23.141 [DefaultDispatcher-worker-1 @request#1] DEBUG Exposed - INSERT INTO advogadosdb ("createdAt", id, nome, oab) VALUES ('2022-03-14T09:41:23.102-03:00', '0dcaaa03-bde4-4488-8b66-02129c1cdfad', 'Adv 1', 12)
09:41:23.185 [Test worker] DEBUG Exposed - DROP TABLE IF EXISTS prazodb
09:41:23.187 [Test worker] DEBUG Exposed - DROP TABLE IF EXISTS advogadosprocessosdb
09:41:23.188 [Test worker] DEBUG Exposed - DROP TABLE IF EXISTS advogadosdb
09:41:23.195 [Test worker] INFO ktor.test - Autoreload is disabled because the development mode is off.
09:41:23.195 [Test worker] INFO ktor.test - Application started in 0.001 seconds.
09:41:23.229 [Test worker] DEBUG Exposed - CREATE TABLE IF NOT EXISTS prazodb (id uuid PRIMARY KEY, "quantidadeEmDias" INT NOT NULL, "dueDate" VARCHAR(255) NOT NULL, "processoId" uuid NOT NULL, "createdAt" VARCHAR(255) NOT NULL, CONSTRAINT fk_prazodb_processoid_id FOREIGN KEY ("processoId") REFERENCES processosdb(id) ON DELETE CASCADE ON UPDATE RESTRICT)
09:41:23.235 [Test worker] DEBUG Exposed - ALTER TABLE prazodb ADD CONSTRAINT prazodb_id_unique UNIQUE (id)
09:41:23.244 [Test worker] DEBUG Exposed - CREATE TABLE IF NOT EXISTS advogadosdb (id uuid PRIMARY KEY, nome VARCHAR(255) NOT NULL, oab INT NOT NULL, "createdAt" VARCHAR(255) NOT NULL)
09:41:23.253 [Test worker] DEBUG Exposed - ALTER TABLE advogadosdb ADD CONSTRAINT advogadosdb_id_unique UNIQUE (id)
09:41:23.257 [Test worker] DEBUG Exposed - CREATE TABLE IF NOT EXISTS advogadosprocessosdb ("processoId" uuid NOT NULL, "advogadosId" uuid NOT NULL, CONSTRAINT fk_advogadosprocessosdb_processoid_id FOREIGN KEY ("processoId") REFERENCES processosdb(id) ON DELETE CASCADE ON UPDATE RESTRICT, CONSTRAINT fk_advogadosprocessosdb_advogadosid_id FOREIGN KEY ("advogadosId") REFERENCES advogadosdb(id) ON DELETE CASCADE ON UPDATE RESTRICT)
09:41:23.277 [DefaultDispatcher-worker-1 @request#3] DEBUG Exposed - INSERT INTO advogadosdb ("createdAt", id, nome, oab) VALUES ('2022-03-14T09:41:23.267-03:00', '06dfc241-cbc4-4560-bb24-107be7c63a39', 'Adv 1', 12)
09:41:23.302 [DefaultDispatcher-worker-1 @request#5] DEBUG Exposed - DELETE FROM advogadosdb WHERE advogadosdb.id = '06dfc241-cbc4-4560-bb24-107be7c63a39'
09:41:23.323 [Test worker] DEBUG Exposed - DROP TABLE IF EXISTS prazodb
09:41:23.325 [Test worker] DEBUG Exposed - DROP TABLE IF EXISTS advogadosprocessosdb
09:41:23.326 [Test worker] DEBUG Exposed - DROP TABLE IF EXISTS advogadosdb
09:41:23.331 [Test worker] INFO ktor.test - Autoreload is disabled because the development mode is off.
09:41:23.331 [Test worker] INFO ktor.test - Application started in 0.0 seconds.
09:41:23.359 [Test worker] DEBUG Exposed - CREATE TABLE IF NOT EXISTS prazodb (id uuid PRIMARY KEY, "quantidadeEmDias" INT NOT NULL, "dueDate" VARCHAR(255) NOT NULL, "processoId" uuid NOT NULL, "createdAt" VARCHAR(255) NOT NULL, CONSTRAINT fk_prazodb_processoid_id FOREIGN KEY ("processoId") REFERENCES processosdb(id) ON DELETE CASCADE ON UPDATE RESTRICT)
09:41:23.368 [Test worker] DEBUG Exposed - ALTER TABLE prazodb ADD CONSTRAINT prazodb_id_unique UNIQUE (id)
09:41:23.378 [Test worker] DEBUG Exposed - CREATE TABLE IF NOT EXISTS advogadosdb (id uuid PRIMARY KEY, nome VARCHAR(255) NOT NULL, oab INT NOT NULL, "createdAt" VARCHAR(255) NOT NULL)
09:41:23.384 [Test worker] DEBUG Exposed - ALTER TABLE advogadosdb ADD CONSTRAINT advogadosdb_id_unique UNIQUE (id)
09:41:23.385 [Test worker] DEBUG Exposed - CREATE TABLE IF NOT EXISTS advogadosprocessosdb ("processoId" uuid NOT NULL, "advogadosId" uuid NOT NULL, CONSTRAINT fk_advogadosprocessosdb_processoid_id FOREIGN KEY ("processoId") REFERENCES processosdb(id) ON DELETE CASCADE ON UPDATE RESTRICT, CONSTRAINT fk_advogadosprocessosdb_advogadosid_id FOREIGN KEY ("advogadosId") REFERENCES advogadosdb(id) ON DELETE CASCADE ON UPDATE RESTRICT)
09:41:23.404 [DefaultDispatcher-worker-1 @request#7] DEBUG Exposed - INSERT INTO advogadosdb ("createdAt", id, nome, oab) VALUES ('2022-03-14T09:41:23.394-03:00', '6fc12f2c-1867-4d66-b15b-2b2c0f893cfb', 'Adv 1', 12)
09:41:23.427 [DefaultDispatcher-worker-1 @request#9] DEBUG Exposed - UPDATE advogadosdb SET nome='Adv 1', oab=12, "createdAt"='2022-03-14T09:41:23.414-03:00' WHERE advogadosdb.id = '6fc12f2c-1867-4d66-b15b-2b2c0f893cfb'
]]></system-out>
  <system-err><![CDATA[]]></system-err>
</testsuite>
