<?xml version="1.0" encoding="UTF-8"?>
<testsuite name="writemodel.AdvogadoTest" tests="4" skipped="0" failures="0" errors="0" timestamp="2022-03-14T20:39:55" hostname="FUS-9QQN1J3" time="1.511">
  <properties/>
  <testcase name="adicionarAoProcesso" classname="writemodel.AdvogadoTest" time="1.195"/>
  <testcase name="create" classname="writemodel.AdvogadoTest" time="0.093"/>
  <testcase name="delete" classname="writemodel.AdvogadoTest" time="0.11"/>
  <testcase name="update" classname="writemodel.AdvogadoTest" time="0.113"/>
  <system-out><![CDATA[17:39:55.381 [Test worker] DEBUG Exposed - DROP TABLE IF EXISTS prazodb
17:39:55.386 [Test worker] DEBUG Exposed - DROP TABLE IF EXISTS advogadosprocessosdb
17:39:55.388 [Test worker] DEBUG Exposed - DROP TABLE IF EXISTS advogadosdb
17:39:55.478 [Test worker] INFO ktor.test - Autoreload is disabled because the development mode is off.
17:39:55.491 [Test worker] INFO ktor.test - Application started in 0.049 seconds.
17:39:55.531 [Test worker] DEBUG Exposed - CREATE TABLE IF NOT EXISTS prazodb (id uuid PRIMARY KEY, "quantidadeEmDias" INT NOT NULL, "dueDate" VARCHAR(255) NOT NULL, "processoId" uuid NOT NULL, "createdAt" VARCHAR(255) NOT NULL, CONSTRAINT fk_prazodb_processoid_id FOREIGN KEY ("processoId") REFERENCES processosdb(id) ON DELETE CASCADE ON UPDATE RESTRICT)
17:39:55.536 [Test worker] DEBUG Exposed - ALTER TABLE prazodb ADD CONSTRAINT prazodb_id_unique UNIQUE (id)
17:39:55.545 [Test worker] DEBUG Exposed - CREATE TABLE IF NOT EXISTS advogadosdb (id uuid PRIMARY KEY, nome VARCHAR(255) NOT NULL, oab INT NOT NULL, "createdAt" VARCHAR(255) NOT NULL)
17:39:55.550 [Test worker] DEBUG Exposed - ALTER TABLE advogadosdb ADD CONSTRAINT advogadosdb_id_unique UNIQUE (id)
17:39:55.551 [Test worker] DEBUG Exposed - CREATE TABLE IF NOT EXISTS advogadosprocessosdb ("processoId" uuid NOT NULL, "advogadosId" uuid NOT NULL, CONSTRAINT fk_advogadosprocessosdb_processoid_id FOREIGN KEY ("processoId") REFERENCES processosdb(id) ON DELETE CASCADE ON UPDATE RESTRICT, CONSTRAINT fk_advogadosprocessosdb_advogadosid_id FOREIGN KEY ("advogadosId") REFERENCES advogadosdb(id) ON DELETE CASCADE ON UPDATE RESTRICT)
17:39:56.220 [DefaultDispatcher-worker-1 @request#1] DEBUG Exposed - INSERT INTO advogadosdb ("createdAt", id, nome, oab) VALUES ('2022-03-14T17:39:55.706-03:00', 'e8f5a45b-a49b-4650-8c65-590b2ddfafea', 'Adv 1', 12)
17:39:56.267 [DefaultDispatcher-worker-1 @request#3] DEBUG Exposed - INSERT INTO processosdb (comarca, "competenciaId", "createdAt", id, instancia, numero, partes, vara) VALUES (NULL, NULL, '2022-03-14T17:39:56.234-03:00', 'e43c7b11-66b1-4456-b88d-771b62e842d5', NULL, 1, 'p1', NULL)
17:39:56.294 [DefaultDispatcher-worker-1 @request#5] DEBUG Exposed - INSERT INTO advogadosprocessosdb ("advogadosId", "processoId") VALUES ('e8f5a45b-a49b-4650-8c65-590b2ddfafea', 'e43c7b11-66b1-4456-b88d-771b62e842d5')
17:39:56.318 [Test worker] DEBUG Exposed - DROP TABLE IF EXISTS prazodb
17:39:56.319 [Test worker] DEBUG Exposed - DROP TABLE IF EXISTS advogadosprocessosdb
17:39:56.320 [Test worker] DEBUG Exposed - DROP TABLE IF EXISTS advogadosdb
17:39:56.325 [Test worker] INFO ktor.test - Autoreload is disabled because the development mode is off.
17:39:56.325 [Test worker] INFO ktor.test - Application started in 0.001 seconds.
17:39:56.355 [Test worker] DEBUG Exposed - CREATE TABLE IF NOT EXISTS prazodb (id uuid PRIMARY KEY, "quantidadeEmDias" INT NOT NULL, "dueDate" VARCHAR(255) NOT NULL, "processoId" uuid NOT NULL, "createdAt" VARCHAR(255) NOT NULL, CONSTRAINT fk_prazodb_processoid_id FOREIGN KEY ("processoId") REFERENCES processosdb(id) ON DELETE CASCADE ON UPDATE RESTRICT)
17:39:56.360 [Test worker] DEBUG Exposed - ALTER TABLE prazodb ADD CONSTRAINT prazodb_id_unique UNIQUE (id)
17:39:56.369 [Test worker] DEBUG Exposed - CREATE TABLE IF NOT EXISTS advogadosdb (id uuid PRIMARY KEY, nome VARCHAR(255) NOT NULL, oab INT NOT NULL, "createdAt" VARCHAR(255) NOT NULL)
17:39:56.373 [Test worker] DEBUG Exposed - ALTER TABLE advogadosdb ADD CONSTRAINT advogadosdb_id_unique UNIQUE (id)
17:39:56.375 [Test worker] DEBUG Exposed - CREATE TABLE IF NOT EXISTS advogadosprocessosdb ("processoId" uuid NOT NULL, "advogadosId" uuid NOT NULL, CONSTRAINT fk_advogadosprocessosdb_processoid_id FOREIGN KEY ("processoId") REFERENCES processosdb(id) ON DELETE CASCADE ON UPDATE RESTRICT, CONSTRAINT fk_advogadosprocessosdb_advogadosid_id FOREIGN KEY ("advogadosId") REFERENCES advogadosdb(id) ON DELETE CASCADE ON UPDATE RESTRICT)
17:39:56.394 [DefaultDispatcher-worker-1 @request#7] DEBUG Exposed - INSERT INTO advogadosdb ("createdAt", id, nome, oab) VALUES ('2022-03-14T17:39:56.379-03:00', 'e0cc37a8-f9d2-40f9-92fc-907eee4dae08', 'Adv 1', 12)
17:39:56.413 [Test worker] DEBUG Exposed - DROP TABLE IF EXISTS prazodb
17:39:56.414 [Test worker] DEBUG Exposed - DROP TABLE IF EXISTS advogadosprocessosdb
17:39:56.415 [Test worker] DEBUG Exposed - DROP TABLE IF EXISTS advogadosdb
17:39:56.419 [Test worker] INFO ktor.test - Autoreload is disabled because the development mode is off.
17:39:56.420 [Test worker] INFO ktor.test - Application started in 0.001 seconds.
17:39:56.444 [Test worker] DEBUG Exposed - CREATE TABLE IF NOT EXISTS prazodb (id uuid PRIMARY KEY, "quantidadeEmDias" INT NOT NULL, "dueDate" VARCHAR(255) NOT NULL, "processoId" uuid NOT NULL, "createdAt" VARCHAR(255) NOT NULL, CONSTRAINT fk_prazodb_processoid_id FOREIGN KEY ("processoId") REFERENCES processosdb(id) ON DELETE CASCADE ON UPDATE RESTRICT)
17:39:56.449 [Test worker] DEBUG Exposed - ALTER TABLE prazodb ADD CONSTRAINT prazodb_id_unique UNIQUE (id)
17:39:56.458 [Test worker] DEBUG Exposed - CREATE TABLE IF NOT EXISTS advogadosdb (id uuid PRIMARY KEY, nome VARCHAR(255) NOT NULL, oab INT NOT NULL, "createdAt" VARCHAR(255) NOT NULL)
17:39:56.462 [Test worker] DEBUG Exposed - ALTER TABLE advogadosdb ADD CONSTRAINT advogadosdb_id_unique UNIQUE (id)
17:39:56.463 [Test worker] DEBUG Exposed - CREATE TABLE IF NOT EXISTS advogadosprocessosdb ("processoId" uuid NOT NULL, "advogadosId" uuid NOT NULL, CONSTRAINT fk_advogadosprocessosdb_processoid_id FOREIGN KEY ("processoId") REFERENCES processosdb(id) ON DELETE CASCADE ON UPDATE RESTRICT, CONSTRAINT fk_advogadosprocessosdb_advogadosid_id FOREIGN KEY ("advogadosId") REFERENCES advogadosdb(id) ON DELETE CASCADE ON UPDATE RESTRICT)
17:39:56.480 [DefaultDispatcher-worker-1 @request#9] DEBUG Exposed - INSERT INTO advogadosdb ("createdAt", id, nome, oab) VALUES ('2022-03-14T17:39:56.467-03:00', 'a886e888-9403-43d0-8d38-0ae5aa2f29eb', 'Adv 1', 12)
17:39:56.504 [DefaultDispatcher-worker-1 @request#11] DEBUG Exposed - DELETE FROM advogadosdb WHERE advogadosdb.id = 'a886e888-9403-43d0-8d38-0ae5aa2f29eb'
17:39:56.521 [Test worker] DEBUG Exposed - DROP TABLE IF EXISTS prazodb
17:39:56.522 [Test worker] DEBUG Exposed - DROP TABLE IF EXISTS advogadosprocessosdb
17:39:56.523 [Test worker] DEBUG Exposed - DROP TABLE IF EXISTS advogadosdb
17:39:56.528 [Test worker] INFO ktor.test - Autoreload is disabled because the development mode is off.
17:39:56.528 [Test worker] INFO ktor.test - Application started in 0.0 seconds.
17:39:56.555 [Test worker] DEBUG Exposed - CREATE TABLE IF NOT EXISTS prazodb (id uuid PRIMARY KEY, "quantidadeEmDias" INT NOT NULL, "dueDate" VARCHAR(255) NOT NULL, "processoId" uuid NOT NULL, "createdAt" VARCHAR(255) NOT NULL, CONSTRAINT fk_prazodb_processoid_id FOREIGN KEY ("processoId") REFERENCES processosdb(id) ON DELETE CASCADE ON UPDATE RESTRICT)
17:39:56.560 [Test worker] DEBUG Exposed - ALTER TABLE prazodb ADD CONSTRAINT prazodb_id_unique UNIQUE (id)
17:39:56.571 [Test worker] DEBUG Exposed - CREATE TABLE IF NOT EXISTS advogadosdb (id uuid PRIMARY KEY, nome VARCHAR(255) NOT NULL, oab INT NOT NULL, "createdAt" VARCHAR(255) NOT NULL)
17:39:56.576 [Test worker] DEBUG Exposed - ALTER TABLE advogadosdb ADD CONSTRAINT advogadosdb_id_unique UNIQUE (id)
17:39:56.577 [Test worker] DEBUG Exposed - CREATE TABLE IF NOT EXISTS advogadosprocessosdb ("processoId" uuid NOT NULL, "advogadosId" uuid NOT NULL, CONSTRAINT fk_advogadosprocessosdb_processoid_id FOREIGN KEY ("processoId") REFERENCES processosdb(id) ON DELETE CASCADE ON UPDATE RESTRICT, CONSTRAINT fk_advogadosprocessosdb_advogadosid_id FOREIGN KEY ("advogadosId") REFERENCES advogadosdb(id) ON DELETE CASCADE ON UPDATE RESTRICT)
17:39:56.593 [DefaultDispatcher-worker-1 @request#13] DEBUG Exposed - INSERT INTO advogadosdb ("createdAt", id, nome, oab) VALUES ('2022-03-14T17:39:56.581-03:00', '897e2955-76ff-40a9-8bfc-fb92ca4b1f36', 'Adv 1', 12)
17:39:56.617 [DefaultDispatcher-worker-1 @request#15] DEBUG Exposed - UPDATE advogadosdb SET nome='Adv 1', oab=12, "createdAt"='2022-03-14T17:39:56.597-03:00' WHERE advogadosdb.id = '897e2955-76ff-40a9-8bfc-fb92ca4b1f36'
]]></system-out>
  <system-err><![CDATA[]]></system-err>
</testsuite>
